[0415/103515.931:ERROR:process_reader_win.cc(182)] ResumeThread: The parameter is incorrect. (0x57)
[0415/103515.932:ERROR:process_reader_win.cc(151)] SuspendThread: Access is denied. (0x5)
[0415/103515.932:ERROR:process_reader_win.cc(151)] SuspendThread: Access is denied. (0x5)
[0415/103515.932:ERROR:process_reader_win.cc(151)] SuspendThread: Access is denied. (0x5)
[0415/103515.932:ERROR:process_reader_win.cc(151)] SuspendThread: Access is denied. (0x5)
[0415/103515.932:ERROR:process_reader_win.cc(151)] SuspendThread: Access is denied. (0x5)
[0415/103515.932:ERROR:process_reader_win.cc(151)] SuspendThread: Access is denied. (0x5)
[0415/103515.932:ERROR:process_reader_win.cc(151)] SuspendThread: Access is denied. (0x5)
[0415/103515.933:ERROR:process_reader_win.cc(151)] SuspendThread: Access is denied. (0x5)
[0415/103515.933:ERROR:process_reader_win.cc(123)] NtOpenThread: An invalid Client ID was specified. (0xc000000b)
[0415/103515.933:ERROR:process_reader_win.cc(151)] SuspendThread: Access is denied. (0x5)
[0415/103515.933:ERROR:process_reader_win.cc(151)] SuspendThread: Access is denied. (0x5)
[0415/103515.933:ERROR:process_reader_win.cc(151)] SuspendThread: Access is denied. (0x5)
[0415/103515.933:ERROR:exception_snapshot_win.cc(98)] thread ID 17092 not found in process
[0416/143831.079:ERROR:process_reader_win.cc(182)] ResumeThread: The parameter is incorrect. (0x57)
[0416/143831.081:ERROR:process_reader_win.cc(151)] SuspendThread: Access is denied. (0x5)
[0416/143831.081:ERROR:process_reader_win.cc(123)] NtOpenThread: An invalid Client ID was specified. (0xc000000b)
[0416/143831.081:ERROR:process_reader_win.cc(151)] SuspendThread: Access is denied. (0x5)
[0416/143831.081:ERROR:process_reader_win.cc(151)] SuspendThread: Access is denied. (0x5)
[0416/143831.081:ERROR:process_reader_win.cc(151)] SuspendThread: Access is denied. (0x5)
[0416/143831.081:ERROR:process_reader_win.cc(151)] SuspendThread: Access is denied. (0x5)
[0416/143831.309:ERROR:process_memory_win.cc(73)] ReadMemory at 0x7327bfa000 of 24576 bytes failed: Only part of a ReadProcessMemory or WriteProcessMemory request was completed. (0x12B)
[0416/143831.313:ERROR:process_memory_win.cc(73)] ReadMemory at 0x73283fe000 of 8192 bytes failed: Only part of a ReadProcessMemory or WriteProcessMemory request was completed. (0x12B)
[0416/143831.313:ERROR:process_memory_win.cc(73)] ReadMemory at 0x7328bfd000 of 12288 bytes failed: Only part of a ReadProcessMemory or WriteProcessMemory request was completed. (0x12B)
[0416/143831.313:ERROR:process_memory_win.cc(73)] ReadMemory at 0x73293fa000 of 24576 bytes failed: Only part of a ReadProcessMemory or WriteProcessMemory request was completed. (0x12B)
[0416/143831.313:ERROR:process_memory_win.cc(73)] ReadMemory at 0x7329bfd000 of 12288 bytes failed: Only part of a ReadProcessMemory or WriteProcessMemory request was completed. (0x12B)
[0416/143831.313:ERROR:process_memory_win.cc(73)] ReadMemory at 0x732a3f8000 of 32768 bytes failed: Only part of a ReadProcessMemory or WriteProcessMemory request was completed. (0x12B)
[0416/143831.313:ERROR:process_memory_win.cc(73)] ReadMemory at 0x73273a3000 of 852 bytes failed: Only part of a ReadProcessMemory or WriteProcessMemory request was completed. (0x12B)
[0416/143831.313:ERROR:process_memory_win.cc(73)] ReadMemory at 0x73273a4000 of 6024 bytes failed: Only part of a ReadProcessMemory or WriteProcessMemory request was completed. (0x12B)
[0416/143831.313:ERROR:process_memory_win.cc(73)] ReadMemory at 0x73273a6000 of 6024 bytes failed: Only part of a ReadProcessMemory or WriteProcessMemory request was completed. (0x12B)
[0416/143831.314:ERROR:process_memory_win.cc(73)] ReadMemory at 0x73273a8000 of 6024 bytes failed: Only part of a ReadProcessMemory or WriteProcessMemory request was completed. (0x12B)
[0416/143831.314:ERROR:process_memory_win.cc(73)] ReadMemory at 0x73273aa000 of 6024 bytes failed: Only part of a ReadProcessMemory or WriteProcessMemory request was completed. (0x12B)
[0416/143831.314:ERROR:process_memory_win.cc(73)] ReadMemory at 0x73273ac000 of 6024 bytes failed: Only part of a ReadProcessMemory or WriteProcessMemory request was completed. (0x12B)
[0416/143831.314:ERROR:process_memory_win.cc(73)] ReadMemory at 0x73273ae000 of 6024 bytes failed: Only part of a ReadProcessMemory or WriteProcessMemory request was completed. (0x12B)
[0416/143831.314:ERROR:process_memory_win.cc(73)] ReadMemory at 0x73273b0000 of 6024 bytes failed: Only part of a ReadProcessMemory or WriteProcessMemory request was completed. (0x12B)
[0416/143831.314:ERROR:process_memory_win.cc(73)] ReadMemory at 0x73273b2000 of 6024 bytes failed: Only part of a ReadProcessMemory or WriteProcessMemory request was completed. (0x12B)
[0416/143831.314:ERROR:process_memory_win.cc(73)] ReadMemory at 0x73273b4000 of 6024 bytes failed: Only part of a ReadProcessMemory or WriteProcessMemory request was completed. (0x12B)
[0416/143831.314:ERROR:process_memory_win.cc(73)] ReadMemory at 0x73273b8000 of 6024 bytes failed: Only part of a ReadProcessMemory or WriteProcessMemory request was completed. (0x12B)
[0416/143831.314:ERROR:process_memory_win.cc(73)] ReadMemory at 0x73273ba000 of 6024 bytes failed: Only part of a ReadProcessMemory or WriteProcessMemory request was completed. (0x12B)
[0416/143831.317:ERROR:scoped_process_suspend.cc(40)] NtResumeProcess: An attempt was made to access an exiting process. (0xc000010a)
[0416/143831.318:ERROR:file_io_win.cc(161)] CreateFile C:\Users\mitch\AppData\Local\Temp\scoped_dir27312_1819809664\Crashpad\settings.dat: The system cannot find the file specified. (0x2)
